This is pdfTeX, Version 3.14159265-2.6-1.40.18 (TeX Live 2017/Debian) (preloaded format=pdflatex 2020.1.27)  23 APR 2020 13:36
entering extended mode
 restricted \write18 enabled.
 %&-line parsing enabled.
**dpowell_project_paper_v1.20.tex
(./dpowell_project_paper_v1.20.tex
LaTeX2e <2017-04-15>
Babel <3.18> and hyphenation patterns for 84 language(s) loaded.
(/usr/share/texlive/texmf-dist/tex/latex/base/article.cls
Document Class: article 2014/09/29 v1.4h Standard LaTeX document class
(/usr/share/texlive/texmf-dist/tex/latex/base/size12.clo
File: size12.clo 2014/09/29 v1.4h Standard LaTeX file (size option)
)
\c@part=\count79
\c@section=\count80
\c@subsection=\count81
\c@subsubsection=\count82
\c@paragraph=\count83
\c@subparagraph=\count84
\c@figure=\count85
\c@table=\count86
\abovecaptionskip=\skip41
\belowcaptionskip=\skip42
\bibindent=\dimen102
)
(/usr/share/texlive/texmf-dist/tex/latex/geometry/geometry.sty
Package: geometry 2010/09/12 v5.6 Page Geometry

(/usr/share/texlive/texmf-dist/tex/latex/graphics/keyval.sty
Package: keyval 2014/10/28 v1.15 key=value parser (DPC)
\KV@toks@=\toks14
)
(/usr/share/texlive/texmf-dist/tex/generic/oberdiek/ifpdf.sty
Package: ifpdf 2017/03/15 v3.2 Provides the ifpdf switch
)
(/usr/share/texlive/texmf-dist/tex/generic/oberdiek/ifvtex.sty
Package: ifvtex 2016/05/16 v1.6 Detect VTeX and its facilities (HO)
Package ifvtex Info: VTeX not detected.
)
(/usr/share/texlive/texmf-dist/tex/generic/ifxetex/ifxetex.sty
Package: ifxetex 2010/09/12 v0.6 Provides ifxetex conditional
)
\Gm@cnth=\count87
\Gm@cntv=\count88
\c@Gm@tempcnt=\count89
\Gm@bindingoffset=\dimen103
\Gm@wd@mp=\dimen104
\Gm@odd@mp=\dimen105
\Gm@even@mp=\dimen106
\Gm@layoutwidth=\dimen107
\Gm@layoutheight=\dimen108
\Gm@layouthoffset=\dimen109
\Gm@layoutvoffset=\dimen110
\Gm@dimlist=\toks15
)
(/usr/share/texlive/texmf-dist/tex/latex/graphics/graphicx.sty
Package: graphicx 2017/06/01 v1.1a Enhanced LaTeX Graphics (DPC,SPQR)

(/usr/share/texlive/texmf-dist/tex/latex/graphics/graphics.sty
Package: graphics 2017/06/25 v1.2c Standard LaTeX Graphics (DPC,SPQR)

(/usr/share/texlive/texmf-dist/tex/latex/graphics/trig.sty
Package: trig 2016/01/03 v1.10 sin cos tan (DPC)
)
(/usr/share/texlive/texmf-dist/tex/latex/graphics-cfg/graphics.cfg
File: graphics.cfg 2016/06/04 v1.11 sample graphics configuration
)
Package graphics Info: Driver file: pdftex.def on input line 99.

(/usr/share/texlive/texmf-dist/tex/latex/graphics-def/pdftex.def
File: pdftex.def 2018/01/08 v1.0l Graphics/color driver for pdftex
))
\Gin@req@height=\dimen111
\Gin@req@width=\dimen112
)
(/usr/share/texlive/texmf-dist/tex/generic/babel/babel.sty
Package: babel 2018/02/14 3.18 The Babel package

(/usr/share/texlive/texmf-dist/tex/generic/babel/switch.def
File: switch.def 2018/02/14 3.18 Babel switching mechanism
)
(/usr/share/texlive/texmf-dist/tex/generic/babel-english/english.ldf
Language: english 2017/06/06 v3.3r English support from the babel system

(/usr/share/texlive/texmf-dist/tex/generic/babel/babel.def
File: babel.def 2018/02/14 3.18 Babel common definitions
\babel@savecnt=\count90
\U@D=\dimen113

(/usr/share/texlive/texmf-dist/tex/generic/babel/txtbabel.def)
\bbl@dirlevel=\count91
)
\l@canadian = a dialect from \language\l@american 
\l@australian = a dialect from \language\l@british 
\l@newzealand = a dialect from \language\l@british 
))
(/usr/share/texlive/texmf-dist/tex/latex/fancyhdr/fancyhdr.sty
Package: fancyhdr 2017/06/30 v3.9a Extensive control of page headers and footer
s
\f@nch@headwidth=\skip43
\f@nch@O@elh=\skip44
\f@nch@O@erh=\skip45
\f@nch@O@olh=\skip46
\f@nch@O@orh=\skip47
\f@nch@O@elf=\skip48
\f@nch@O@erf=\skip49
\f@nch@O@olf=\skip50
\f@nch@O@orf=\skip51
)
(/usr/share/texlive/texmf-dist/tex/latex/dirtytalk/dirtytalk.sty
Package: dirtytalk 2010/11/21 A package making "quoting" easier

(/usr/share/texlive/texmf-dist/tex/latex/oberdiek/kvoptions.sty
Package: kvoptions 2016/05/16 v3.12 Key value format for package options (HO)

(/usr/share/texlive/texmf-dist/tex/generic/oberdiek/ltxcmds.sty
Package: ltxcmds 2016/05/16 v1.23 LaTeX kernel commands for general use (HO)
)
(/usr/share/texlive/texmf-dist/tex/generic/oberdiek/kvsetkeys.sty
Package: kvsetkeys 2016/05/16 v1.17 Key value parser (HO)

(/usr/share/texlive/texmf-dist/tex/generic/oberdiek/infwarerr.sty
Package: infwarerr 2016/05/16 v1.4 Providing info/warning/error messages (HO)
)
(/usr/share/texlive/texmf-dist/tex/generic/oberdiek/etexcmds.sty
Package: etexcmds 2016/05/16 v1.6 Avoid name clashes with e-TeX commands (HO)

(/usr/share/texlive/texmf-dist/tex/generic/oberdiek/ifluatex.sty
Package: ifluatex 2016/05/16 v1.4 Provides the ifluatex switch (HO)
Package ifluatex Info: LuaTeX not detected.
)
Package etexcmds Info: Could not find \expanded.
(etexcmds)             That can mean that you are not using pdfTeX 1.50 or
(etexcmds)             that some package has redefined \expanded.
(etexcmds)             In the latter case, load this package earlier.
)))
(/usr/share/texlive/texmf-dist/tex/latex/base/ifthen.sty
Package: ifthen 2014/09/29 v1.1c Standard LaTeX ifthen package (DPC)
)
\c@dirtytalk@qdepth=\count92
)
(/usr/share/texlive/texmf-dist/tex/latex/amscls/amsthm.sty
Package: amsthm 2017/10/31 v2.20.4
\thm@style=\toks16
\thm@bodyfont=\toks17
\thm@headfont=\toks18
\thm@notefont=\toks19
\thm@headpunct=\toks20
\thm@preskip=\skip52
\thm@postskip=\skip53
\thm@headsep=\skip54
\dth@everypar=\toks21
)
(/usr/share/texlive/texmf-dist/tex/latex/amsfonts/amssymb.sty
Package: amssymb 2013/01/14 v3.01 AMS font symbols

(/usr/share/texlive/texmf-dist/tex/latex/amsfonts/amsfonts.sty
Package: amsfonts 2013/01/14 v3.01 Basic AMSFonts support
\@emptytoks=\toks22
\symAMSa=\mathgroup4
\symAMSb=\mathgroup5
LaTeX Font Info:    Overwriting math alphabet `\mathfrak' in version `bold'
(Font)                  U/euf/m/n --> U/euf/b/n on input line 106.
))
(/usr/share/texlive/texmf-dist/tex/latex/listings/listings.sty
\lst@mode=\count93
\lst@gtempboxa=\box26
\lst@token=\toks23
\lst@length=\count94
\lst@currlwidth=\dimen114
\lst@column=\count95
\lst@pos=\count96
\lst@lostspace=\dimen115
\lst@width=\dimen116
\lst@newlines=\count97
\lst@lineno=\count98
\lst@maxwidth=\dimen117

(/usr/share/texlive/texmf-dist/tex/latex/listings/lstmisc.sty
File: lstmisc.sty 2015/06/04 1.6 (Carsten Heinz)
\c@lstnumber=\count99
\lst@skipnumbers=\count100
\lst@framebox=\box27
)
(/usr/share/texlive/texmf-dist/tex/latex/listings/listings.cfg
File: listings.cfg 2015/06/04 1.6 listings configuration
))
Package: listings 2015/06/04 1.6 (Carsten Heinz)

(./dpowell_project_paper_v1.20.aux)
\openout1 = `dpowell_project_paper_v1.20.aux'.

LaTeX Font Info:    Checking defaults for OML/cmm/m/it on input line 38.
LaTeX Font Info:    ... okay on input line 38.
LaTeX Font Info:    Checking defaults for T1/cmr/m/n on input line 38.
LaTeX Font Info:    ... okay on input line 38.
LaTeX Font Info:    Checking defaults for OT1/cmr/m/n on input line 38.
LaTeX Font Info:    ... okay on input line 38.
LaTeX Font Info:    Checking defaults for OMS/cmsy/m/n on input line 38.
LaTeX Font Info:    ... okay on input line 38.
LaTeX Font Info:    Checking defaults for OMX/cmex/m/n on input line 38.
LaTeX Font Info:    ... okay on input line 38.
LaTeX Font Info:    Checking defaults for U/cmr/m/n on input line 38.
LaTeX Font Info:    ... okay on input line 38.

*geometry* driver: auto-detecting
*geometry* detected driver: pdftex
*geometry* verbose mode - [ preamble ] result:
* driver: pdftex
* paper: a4paper
* layout: <same size as paper>
* layoutoffset:(h,v)=(0.0pt,0.0pt)
* modes: 
* h-part:(L,W,R)=(72.26999pt, 452.9679pt, 72.26999pt)
* v-part:(T,H,B)=(72.26999pt, 700.50687pt, 72.26999pt)
* \paperwidth=597.50787pt
* \paperheight=845.04684pt
* \textwidth=452.9679pt
* \textheight=700.50687pt
* \oddsidemargin=0.0pt
* \evensidemargin=0.0pt
* \topmargin=-37.0pt
* \headheight=12.0pt
* \headsep=25.0pt
* \topskip=12.0pt
* \footskip=30.0pt
* \marginparwidth=35.0pt
* \marginparsep=10.0pt
* \columnsep=10.0pt
* \skip\footins=10.8pt plus 4.0pt minus 2.0pt
* \hoffset=0.0pt
* \voffset=0.0pt
* \mag=1000
* \@twocolumnfalse
* \@twosidefalse
* \@mparswitchfalse
* \@reversemarginfalse
* (1in=72.27pt=25.4mm, 1cm=28.453pt)

(/usr/share/texlive/texmf-dist/tex/context/base/mkii/supp-pdf.mkii
[Loading MPS to PDF converter (version 2006.09.02).]
\scratchcounter=\count101
\scratchdimen=\dimen118
\scratchbox=\box28
\nofMPsegments=\count102
\nofMParguments=\count103
\everyMPshowfont=\toks24
\MPscratchCnt=\count104
\MPscratchDim=\dimen119
\MPnumerator=\count105
\makeMPintoPDFobject=\count106
\everyMPtoPDFconversion=\toks25
) (/usr/share/texlive/texmf-dist/tex/latex/oberdiek/epstopdf-base.sty
Package: epstopdf-base 2016/05/15 v2.6 Base part for package epstopdf

(/usr/share/texlive/texmf-dist/tex/latex/oberdiek/grfext.sty
Package: grfext 2016/05/16 v1.2 Manage graphics extensions (HO)

(/usr/share/texlive/texmf-dist/tex/generic/oberdiek/kvdefinekeys.sty
Package: kvdefinekeys 2016/05/16 v1.4 Define keys (HO)
))
(/usr/share/texlive/texmf-dist/tex/generic/oberdiek/pdftexcmds.sty
Package: pdftexcmds 2018/01/21 v0.26 Utility functions of pdfTeX for LuaTeX (HO
)
Package pdftexcmds Info: LuaTeX not detected.
Package pdftexcmds Info: \pdf@primitive is available.
Package pdftexcmds Info: \pdf@ifprimitive is available.
Package pdftexcmds Info: \pdfdraftmode found.
)
Package epstopdf-base Info: Redefining graphics rule for `.eps' on input line 4
38.
Package grfext Info: Graphics extension search list:
(grfext)             [.pdf,.png,.jpg,.mps,.jpeg,.jbig2,.jb2,.PDF,.PNG,.JPG,.JPE
G,.JBIG2,.JB2,.eps]
(grfext)             \AppendGraphicsExtensions on input line 456.

(/usr/share/texlive/texmf-dist/tex/latex/latexconfig/epstopdf-sys.cfg
File: epstopdf-sys.cfg 2010/07/13 v1.3 Configuration of (r)epstopdf for TeX Liv
e
))
\c@lstlisting=\count107
LaTeX Font Info:    Try loading font information for U+msa on input line 42.

(/usr/share/texlive/texmf-dist/tex/latex/amsfonts/umsa.fd
File: umsa.fd 2013/01/14 v3.01 AMS symbols A
)
LaTeX Font Info:    Try loading font information for U+msb on input line 42.

(/usr/share/texlive/texmf-dist/tex/latex/amsfonts/umsb.fd
File: umsb.fd 2013/01/14 v3.01 AMS symbols B
) [1

{/var/lib/texmf/fonts/map/pdftex/updmap/pdftex.map}] (./dpowell_project_paper_v
1.20.toc)
\tf@toc=\write3
\openout3 = `dpowell_project_paper_v1.20.toc'.



Package Fancyhdr Warning: \headheight is too small (12.0pt): 
 Make it at least 14.49998pt.
 We now make it that large for the rest of the document.
 This may cause the page layout to be inconsistent, however.

[2]
LaTeX Font Info:    Try loading font information for OMS+cmr on input line 59.
 (/usr/share/texlive/texmf-dist/tex/latex/base/omscmr.fd
File: omscmr.fd 2014/09/29 v2.5h Standard LaTeX font definitions
)
LaTeX Font Info:    Font shape `OMS/cmr/m/n' in size <8> not available
(Font)              Font shape `OMS/cmsy/m/n' tried instead on input line 59.
 [1]
<./images/PNAS.png, id=20, 1327.96124pt x 625.33624pt>
File: ./images/PNAS.png Graphic file (type png)
<use ./images/PNAS.png>
Package pdftex.def Info: ./images/PNAS.png  used on input line 70.
(pdftex.def)             Requested size: 398.39145pt x 187.60231pt.
 [2 <./images/PNAS.png>] [3]
<./images/Analytics.png, id=31, 1142.2675pt x 526.96875pt>
File: ./images/Analytics.png Graphic file (type png)
<use ./images/Analytics.png>
Package pdftex.def Info: ./images/Analytics.png  used on input line 97.
(pdftex.def)             Requested size: 456.89891pt x 210.78375pt.

Overfull \hbox (3.93102pt too wide) in paragraph at lines 97--98
 [][] 
 []

[4 <./images/Analytics.png>] [5]
<./images/LinReg.png, id=40, 347.2975pt x 266.9975pt>
File: ./images/LinReg.png Graphic file (type png)
<use ./images/LinReg.png>
Package pdftex.def Info: ./images/LinReg.png  used on input line 117.
(pdftex.def)             Requested size: 277.83836pt x 213.59827pt.
 [6 <./images/LinReg.png>]
<./images/MultiReg.png, id=47, 562.1pt x 421.575pt>
File: ./images/MultiReg.png Graphic file (type png)
<use ./images/MultiReg.png>
Package pdftex.def Info: ./images/MultiReg.png  used on input line 127.
(pdftex.def)             Requested size: 449.68062pt x 337.26045pt.
 [7 <./images/MultiReg.png>] [8]
<./images/neurons.png, id=55, 722.7pt x 519.9425pt>
File: ./images/neurons.png Graphic file (type png)
<use ./images/neurons.png>
Package pdftex.def Info: ./images/neurons.png  used on input line 148.
(pdftex.def)             Requested size: 455.3034pt x 327.5655pt.

Overfull \hbox (2.33551pt too wide) in paragraph at lines 148--149
 [][] 
 []

[9 <./images/neurons.png>]
<./images/NN.png, id=59, 516.93124pt x 301.125pt>
File: ./images/NN.png Graphic file (type png)
<use ./images/NN.png>
Package pdftex.def Info: ./images/NN.png  used on input line 159.
(pdftex.def)             Requested size: 325.6684pt x 189.70975pt.
 [10 <./images/NN.png>]
<./images/ml_map.png, id=64, 3651.35571pt x 2276.505pt>
File: ./images/ml_map.png Graphic file (type png)
<use ./images/ml_map.png>
Package pdftex.def Info: ./images/ml_map.png  used on input line 171.
(pdftex.def)             Requested size: 365.15697pt x 227.66383pt.


LaTeX Warning: `!h' float specifier changed to `!ht'.

[11] [12 <./images/ml_map.png>] [13] [14]
Underfull \hbox (badness 10000) in paragraph at lines 206--208

 []

[15] [16] [17]
Underfull \hbox (badness 10000) in paragraph at lines 275--277

 []


Underfull \hbox (badness 10000) in paragraph at lines 279--281

 []

[18] [19] [20] [21]
Underfull \hbox (badness 10000) in paragraph at lines 356--358

 []

[22] [23]
<./images/Test_1.png, id=110, 1387.584pt x 709.6914pt>
File: ./images/Test_1.png Graphic file (type png)
<use ./images/Test_1.png>
Package pdftex.def Info: ./images/Test_1.png  used on input line 394.
(pdftex.def)             Requested size: 513.39804pt x 262.58171pt.

Overfull \hbox (60.43015pt too wide) in paragraph at lines 394--395
 [][] 
 []

[24 <./images/Test_1.png>]
<./images/Test_2.png, id=115, 1387.584pt x 709.6914pt>
File: ./images/Test_2.png Graphic file (type png)
<use ./images/Test_2.png>
Package pdftex.def Info: ./images/Test_2.png  used on input line 403.
(pdftex.def)             Requested size: 513.39804pt x 262.58171pt.

Overfull \hbox (60.43015pt too wide) in paragraph at lines 403--404
 [][] 
 []

[25 <./images/Test_2.png>]
<./images/Test_3.png, id=120, 1387.584pt x 709.6914pt>
File: ./images/Test_3.png Graphic file (type png)
<use ./images/Test_3.png>
Package pdftex.def Info: ./images/Test_3.png  used on input line 412.
(pdftex.def)             Requested size: 513.39804pt x 262.58171pt.

Overfull \hbox (60.43015pt too wide) in paragraph at lines 412--413
 [][] 
 []

[26 <./images/Test_3.png>] [27] [28] [29] [30] [31] [32] [33] [34] [35]
[36] [37] [38] [39] [40] [41] [42]
Underfull \hbox (badness 1603) in paragraph at lines 786--788
[]\OT1/cmr/m/n/12 M. Kosin-ski, D. Still-well, and T. Grae-pel (2013), ``Pri-va
te traits and at-
 []


Underfull \hbox (badness 2452) in paragraph at lines 786--788
\OT1/cmr/m/n/12 tributes are pred-i-cat-able from dig-i-tal records of hu-man b
e-hav-ior'', \OT1/cmr/m/it/12 PNAS
 []


Underfull \hbox (badness 1325) in paragraph at lines 790--792
[]\OT1/cmr/m/n/12 S. Je-ble, S. Ku-mari, and Y. Patil (2016), ``Role of big dat
a and pre-dic-
 []

[43]
Underfull \hbox (badness 10000) in paragraph at lines 819--822
[]\OT1/cmr/m/n/12 D. An-der-son, D. Sweeney, and T. Williams (2020), ``Statis-
 []


Underfull \hbox (badness 10000) in paragraph at lines 819--822
\OT1/cmr/m/n/12 tics'', En-cy-clopae-dia Bri-tan-nica. Ac-cessed March 23rd 202
0 URL:
 []


Underfull \hbox (badness 10000) in paragraph at lines 819--822
\OT1/cmr/m/n/12 https://www.britannica.com/science/statistics/Experimental-desi
gn#ref367488
 []


Underfull \hbox (badness 10000) in paragraph at lines 824--825
[]\OT1/cmr/m/n/12 ``regress'' (n.d), Math-Works. Ac-cessed March 23rd 2020 URL:

 []


Underfull \hbox (badness 10000) in paragraph at lines 831--833
[]\OT1/cmr/m/n/12 K. Krzyk (2018), ``Cod-ing Deep Learn-ing for Be-gin-ners Lin
-ear Re-
 []


Underfull \hbox (badness 6876) in paragraph at lines 831--833
\OT1/cmr/m/n/12 gres-sion (Part 2): Cost Func-tion''. Ac-cessed March 30th 2020
 URL:
 []


Underfull \hbox (badness 10000) in paragraph at lines 831--833
\OT1/cmr/m/n/12 https://towardsdatascience.com/coding-deep-learning-for-beginne
rs-linear-
 []

[44] (./dpowell_project_paper_v1.20.aux) ) 
Here is how much of TeX's memory you used:
 4314 strings out of 492982
 60832 string characters out of 6134896
 225170 words of memory out of 5000000
 7792 multiletter control sequences out of 15000+600000
 14340 words of font info for 56 fonts, out of 8000000 for 9000
 1141 hyphenation exceptions out of 8191
 37i,11n,43p,2330b,1608s stack positions out of 5000i,500n,10000p,200000b,80000s
</usr/share/texlive/texmf-dist/fonts/
type1/public/amsfonts/cm/cmbx10.pfb></usr/share/texlive/texmf-dist/fonts/type1/
public/amsfonts/cm/cmbx12.pfb></usr/share/texlive/texmf-dist/fonts/type1/public
/amsfonts/cm/cmmi12.pfb></usr/share/texlive/texmf-dist/fonts/type1/public/amsfo
nts/cm/cmmi6.pfb></usr/share/texlive/texmf-dist/fonts/type1/public/amsfonts/cm/
cmmi8.pfb></usr/share/texlive/texmf-dist/fonts/type1/public/amsfonts/cm/cmr10.p
fb></usr/share/texlive/texmf-dist/fonts/type1/public/amsfonts/cm/cmr12.pfb></us
r/share/texlive/texmf-dist/fonts/type1/public/amsfonts/cm/cmr17.pfb></usr/share
/texlive/texmf-dist/fonts/type1/public/amsfonts/cm/cmr6.pfb></usr/share/texlive
/texmf-dist/fonts/type1/public/amsfonts/cm/cmr8.pfb></usr/share/texlive/texmf-d
ist/fonts/type1/public/amsfonts/cm/cmsy10.pfb></usr/share/texlive/texmf-dist/fo
nts/type1/public/amsfonts/cm/cmsy8.pfb></usr/share/texlive/texmf-dist/fonts/typ
e1/public/amsfonts/cm/cmti12.pfb></usr/share/texlive/texmf-dist/fonts/type1/pub
lic/amsfonts/cm/cmtt10.pfb></usr/share/texlive/texmf-dist/fonts/type1/public/am
sfonts/cm/cmtt12.pfb>
Output written on dpowell_project_paper_v1.20.pdf (46 pages, 2093787 bytes).
PDF statistics:
 233 PDF objects out of 1000 (max. 8388607)
 150 compressed objects within 2 object streams
 0 named destinations out of 1000 (max. 500000)
 51 words of extra memory for PDF output out of 10000 (max. 10000000)

